0 info it worked if it ends with ok
1 verbose cli [ '/usr/bin/node', '/usr/bin/npm', 'start' ]
2 info using npm@3.7.5
3 info using node@v4.3.1
4 verbose run-script [ 'prestart', 'start', 'poststart' ]
5 info lifecycle mySite@0.0.0~prestart: mySite@0.0.0
6 silly lifecycle mySite@0.0.0~prestart: no script for prestart, continuing
7 info lifecycle mySite@0.0.0~start: mySite@0.0.0
8 verbose lifecycle mySite@0.0.0~start: unsafe-perm in lifecycle true
9 verbose lifecycle mySite@0.0.0~start: PATH: /tmp/usrlib/node_modules/npm/bin/node-gyp-bin:/home/n0252056/nodejs/mySite/node_modules/.bin:/usr/bin:/usr/local/heroku/bin:/usr/lib64/qt-3.3/bin:/usr/local/sbin:/usr/local/bin:/usr/sbin:/usr/bin:/sbin:/bin:/bin:/usr/bin:/usr/X11R6/bin:/usr/sbin:/sbin:/usr/java/default/bin:/opt/novell/zenworks/bin:/home/n0252056/Documents/ShellScripts/bin:/home/n0252056/bin:/usr/sbin:/sbin:/usr/java/default/bin:/opt/novell/zenworks/bin:/home/n0252056/Documents/ShellScripts/bin:/home/n0252056/bin:/usr/local/rvm/bin:/home/n0252056/Documents/ShellScripts/bin
10 verbose lifecycle mySite@0.0.0~start: CWD: /home/n0252056/nodejs/mySite
11 silly lifecycle mySite@0.0.0~start: Args: [ '-c', 'node ./bin/www' ]
12 silly lifecycle mySite@0.0.0~start: Returned: code: 1  signal: null
13 info lifecycle mySite@0.0.0~start: Failed to exec start script
14 verbose stack Error: mySite@0.0.0 start: `node ./bin/www`
14 verbose stack Exit status 1
14 verbose stack     at EventEmitter.<anonymous> (/tmp/usrlib/node_modules/npm/lib/utils/lifecycle.js:239:16)
14 verbose stack     at emitTwo (events.js:87:13)
14 verbose stack     at EventEmitter.emit (events.js:172:7)
14 verbose stack     at ChildProcess.<anonymous> (/tmp/usrlib/node_modules/npm/lib/utils/spawn.js:24:14)
14 verbose stack     at emitTwo (events.js:87:13)
14 verbose stack     at ChildProcess.emit (events.js:172:7)
14 verbose stack     at maybeClose (internal/child_process.js:821:16)
14 verbose stack     at Process.ChildProcess._handle.onexit (internal/child_process.js:211:5)
15 verbose pkgid mySite@0.0.0
16 verbose cwd /home/n0252056/nodejs/mySite
17 error Linux 2.6.32-358.el6.x86_64
18 error argv "/usr/bin/node" "/usr/bin/npm" "start"
19 error node v4.3.1
20 error npm  v3.7.5
21 error code ELIFECYCLE
22 error mySite@0.0.0 start: `node ./bin/www`
22 error Exit status 1
23 error Failed at the mySite@0.0.0 start script 'node ./bin/www'.
23 error Make sure you have the latest version of node.js and npm installed.
23 error If you do, this is most likely a problem with the mySite package,
23 error not with npm itself.
23 error Tell the author that this fails on your system:
23 error     node ./bin/www
23 error You can get information on how to open an issue for this project with:
23 error     npm bugs mySite
23 error Or if that isn't available, you can get their info via:
23 error     npm owner ls mySite
23 error There is likely additional logging output above.
24 verbose exit [ 1, true ]
